<?xml version="1.0" encoding="UTF-8"?>
<!-- Generated by org.testng.reporters.JUnitReportReporter -->
<testsuite hostname="AmitD" failures="0" tests="1" name="ComplianceCenteral.Planner.PlannerMain" time="78.083" errors="0" timestamp="2022-09-29T23:15:09 IST" skipped="0">
  <testcase classname="ComplianceCenteral.Planner.PlannerMain" name="PlannerTest" time="78.083"/>
  <system-out/>
</testsuite> <!-- ComplianceCenteral.Planner.PlannerMain -->
